\BOOKMARK [1][-]{section.1}{\376\377\176\352\212\000}{}% 1
\BOOKMARK [2][-]{subsection.1.1}{\376\377\170\024\172\166\200\314\146\157\124\214\141\017\116\111}{section.1}% 2
\BOOKMARK [2][-]{subsection.1.2}{\376\377\121\154\121\161\116\244\220\032\214\003\136\246\117\030\123\026\170\024\172\166\163\260\162\266}{section.1}% 3
\BOOKMARK [2][-]{subsection.1.3}{\376\377\147\054\145\207\170\024\172\166\121\205\133\271}{section.1}% 4
\BOOKMARK [2][-]{subsection.1.4}{\376\377\213\272\145\207\176\304\176\307\176\323\147\204}{section.1}% 5
\BOOKMARK [1][-]{section.2}{\376\377\170\024\172\166\166\370\121\163\164\006\213\272}{}% 6
\BOOKMARK [2][-]{subsection.2.1}{\376\377\143\222\226\037\213\272}{section.2}% 7
\BOOKMARK [2][-]{subsection.2.2}{\376\377\217\320\217\223\225\356\230\230}{section.2}% 8
\BOOKMARK [2][-]{subsection.2.3}{\376\377\176\277\140\047\211\304\122\022}{section.2}% 9
\BOOKMARK [2][-]{subsection.2.4}{\376\377\145\164\145\160\211\304\122\022}{section.2}% 10
\BOOKMARK [2][-]{subsection.2.5}{\376\377\176\277\140\047\166\356\150\007\211\304\122\022}{section.2}% 11
\BOOKMARK [2][-]{subsection.2.6}{\376\377\000V\000S\000P\225\356\230\230}{section.2}% 12
\BOOKMARK [1][-]{section.3}{\376\377\173\227\154\325\213\276\213\241\116\016\122\006\147\220}{}% 13
\BOOKMARK [2][-]{subsection.3.1}{\376\377\163\260\147\011\116\244\220\032\214\003\136\246\145\271\150\110\122\006\147\220}{section.3}% 14
\BOOKMARK [2][-]{subsection.3.2}{\376\377\123\125\147\015\122\241\123\360\215\037\143\007\145\160\122\006\136\003\143\222\226\037\174\373\176\337\136\372\152\041}{section.3}% 15
\BOOKMARK [2][-]{subsection.3.3}{\376\377\121\154\116\244\214\003\136\246\225\356\230\230\136\372\152\041}{section.3}% 16
\BOOKMARK [1][-]{section.4}{\376\377\213\325\232\214\124\214\176\323\147\234}{}% 17
\BOOKMARK [2][-]{subsection.4.1}{\376\377\133\236\232\214\163\257\130\203}{section.4}% 18
\BOOKMARK [2][-]{subsection.4.2}{\376\377\145\160\143\156\121\306\131\007}{section.4}% 19
\BOOKMARK [2][-]{subsection.4.3}{\376\377\213\304\116\367\143\007\150\007}{section.4}% 20
\BOOKMARK [2][-]{subsection.4.4}{\376\377\133\236\232\214\116\016\122\006\147\220}{section.4}% 21
\BOOKMARK [1][-]{section.5}{\376\377\140\073\176\323\116\016\134\125\147\033}{}% 22
\BOOKMARK [1][-]{section*.19}{\376\377\123\302\200\003\145\207\163\056}{}% 23
\BOOKMARK [1][-]{section*.20}{\376\377\201\364\214\042}{}% 24
